Jul 12, 2022 11:43:49 AM org.apache.karaf.main.Main launch
INFORMATION: Installing and starting initial bundles
Jul 12, 2022 11:43:51 AM org.apache.karaf.main.Main launch
INFORMATION: All initial bundles installed and set to start
Jul 12, 2022 11:43:51 AM org.apache.karaf.main.Main$KarafLockCallback lockAcquired
INFORMATION: Lock acquired. Setting startlevel to 100
Jul 12, 2022 12:08:34 PM org.apache.karaf.main.Main launch
INFORMATION: Installing and starting initial bundles
Jul 12, 2022 12:08:36 PM org.apache.karaf.main.Main launch
INFORMATION: All initial bundles installed and set to start
Jul 12, 2022 12:08:37 PM org.apache.karaf.main.Main$KarafLockCallback lockAcquired
INFORMATION: Lock acquired. Setting startlevel to 100
Jul 12, 2022 12:20:55 PM org.apache.karaf.main.Main launch
INFORMATION: Installing and starting initial bundles
Jul 12, 2022 12:20:59 PM org.apache.karaf.main.Main launch
INFORMATION: All initial bundles installed and set to start
Jul 12, 2022 12:21:00 PM org.apache.karaf.main.Main$KarafLockCallback lockAcquired
INFORMATION: Lock acquired. Setting startlevel to 100
Jul 12, 2022 12:36:49 PM org.apache.karaf.main.Main launch
INFORMATION: Installing and starting initial bundles
Jul 12, 2022 12:36:54 PM org.apache.karaf.main.Main launch
INFORMATION: All initial bundles installed and set to start
Jul 12, 2022 12:36:54 PM org.apache.karaf.main.Main$KarafLockCallback lockAcquired
INFORMATION: Lock acquired. Setting startlevel to 100
Jul 12, 2022 1:28:36 PM org.apache.karaf.main.Main launch
INFORMATION: Installing and starting initial bundles
Jul 12, 2022 1:28:41 PM org.apache.karaf.main.Main launch
INFORMATION: All initial bundles installed and set to start
Jul 12, 2022 1:28:41 PM org.apache.karaf.main.Main$KarafLockCallback lockAcquired
INFORMATION: Lock acquired. Setting startlevel to 100
