2022-07-13 00:00:00,023+0200 INFO  [quartz-9-thread-20]  *SYSTEM org.sonatype.nexus.quartz.internal.task.QuartzTaskInfo - Task 'Task log cleanup' [tasklog.cleanup] state change WAITING -> RUNNING
2022-07-13 00:00:00,026+0200 INFO  [quartz-9-thread-19]  *SYSTEM org.sonatype.nexus.quartz.internal.task.QuartzTaskInfo - Task 'Storage facet cleanup' [repository.storage-facet-cleanup] state change WAITING -> RUNNING
2022-07-13 00:00:00,081+0200 INFO  [quartz-9-thread-19]  *SYSTEM org.sonatype.nexus.quartz.internal.task.QuartzTaskInfo - Task 'Storage facet cleanup' [repository.storage-facet-cleanup] state change RUNNING -> WAITING (OK)
2022-07-13 00:00:00,151+0200 INFO  [quartz-9-thread-20]  *SYSTEM org.sonatype.nexus.tasklog.TaskLogCleanup - Cleaning up log files in E:\SmallApp\nexus-3.40.1-01-win64\sonatype-work\nexus3\log\tasks older than 30 days
2022-07-13 00:00:00,368+0200 INFO  [quartz-9-thread-20]  *SYSTEM org.sonatype.nexus.quartz.internal.task.QuartzTaskInfo - Task 'Task log cleanup' [tasklog.cleanup] state change RUNNING -> WAITING (OK)
2022-07-13 00:10:00,014+0200 INFO  [quartz-9-thread-20]  *SYSTEM org.sonatype.nexus.quartz.internal.task.QuartzTaskInfo - Task 'Storage facet cleanup' [repository.storage-facet-cleanup] state change WAITING -> RUNNING
2022-07-13 00:10:00,017+0200 INFO  [quartz-9-thread-20]  *SYSTEM org.sonatype.nexus.quartz.internal.task.QuartzTaskInfo - Task 'Storage facet cleanup' [repository.storage-facet-cleanup] state change RUNNING -> WAITING (OK)
2022-07-13 00:20:00,015+0200 INFO  [quartz-9-thread-20]  *SYSTEM org.sonatype.nexus.quartz.internal.task.QuartzTaskInfo - Task 'Storage facet cleanup' [repository.storage-facet-cleanup] state change WAITING -> RUNNING
2022-07-13 00:20:00,018+0200 INFO  [quartz-9-thread-20]  *SYSTEM org.sonatype.nexus.quartz.internal.task.QuartzTaskInfo - Task 'Storage facet cleanup' [repository.storage-facet-cleanup] state change RUNNING -> WAITING (OK)
2022-07-13 00:30:00,013+0200 INFO  [quartz-9-thread-20]  *SYSTEM org.sonatype.nexus.quartz.internal.task.QuartzTaskInfo - Task 'Storage facet cleanup' [repository.storage-facet-cleanup] state change WAITING -> RUNNING
2022-07-13 00:30:00,018+0200 INFO  [quartz-9-thread-20]  *SYSTEM org.sonatype.nexus.quartz.internal.task.QuartzTaskInfo - Task 'Storage facet cleanup' [repository.storage-facet-cleanup] state change RUNNING -> WAITING (OK)
2022-07-13 00:40:00,014+0200 INFO  [quartz-9-thread-20]  *SYSTEM org.sonatype.nexus.quartz.internal.task.QuartzTaskInfo - Task 'Storage facet cleanup' [repository.storage-facet-cleanup] state change WAITING -> RUNNING
2022-07-13 00:40:00,017+0200 INFO  [quartz-9-thread-20]  *SYSTEM org.sonatype.nexus.quartz.internal.task.QuartzTaskInfo - Task 'Storage facet cleanup' [repository.storage-facet-cleanup] state change RUNNING -> WAITING (OK)
2022-07-13 00:50:00,014+0200 INFO  [quartz-9-thread-20]  *SYSTEM org.sonatype.nexus.quartz.internal.task.QuartzTaskInfo - Task 'Storage facet cleanup' [repository.storage-facet-cleanup] state change WAITING -> RUNNING
2022-07-13 00:50:00,018+0200 INFO  [quartz-9-thread-20]  *SYSTEM org.sonatype.nexus.quartz.internal.task.QuartzTaskInfo - Task 'Storage facet cleanup' [repository.storage-facet-cleanup] state change RUNNING -> WAITING (OK)
2022-07-13 00:59:53,996+0200 INFO  [SessionValidationThread-1]  *UNKNOWN org.apache.shiro.session.mgt.AbstractValidatingSessionManager - Validating all active sessions...
2022-07-13 00:59:53,996+0200 INFO  [SessionValidationThread-1]  *UNKNOWN org.apache.shiro.session.mgt.AbstractValidatingSessionManager - Finished session validation.  No sessions were stopped.
2022-07-13 01:00:00,014+0200 INFO  [quartz-9-thread-20]  *SYSTEM org.sonatype.nexus.quartz.internal.task.QuartzTaskInfo - Task 'Cleanup service' [repository.cleanup] state change WAITING -> RUNNING
2022-07-13 01:00:00,015+0200 INFO  [quartz-9-thread-19]  *SYSTEM org.sonatype.nexus.quartz.internal.task.QuartzTaskInfo - Task 'Storage facet cleanup' [repository.storage-facet-cleanup] state change WAITING -> RUNNING
2022-07-13 01:00:00,018+0200 INFO  [quartz-9-thread-19]  *SYSTEM org.sonatype.nexus.quartz.internal.task.QuartzTaskInfo - Task 'Storage facet cleanup' [repository.storage-facet-cleanup] state change RUNNING -> WAITING (OK)
2022-07-13 01:00:00,085+0200 INFO  [quartz-9-thread-20]  *SYSTEM org.sonatype.nexus.cleanup.internal.task.CleanupTask - Task log: E:\SmallApp\nexus-3.40.1-01-win64\sonatype-work\nexus3\log\tasks/repository.cleanup-20220713010000031.log
2022-07-13 01:00:00,134+0200 INFO  [quartz-9-thread-20]  *SYSTEM org.sonatype.nexus.quartz.internal.task.QuartzTaskInfo - Task 'Cleanup service' [repository.cleanup] state change RUNNING -> WAITING (OK)
2022-07-13 01:10:00,012+0200 INFO  [quartz-9-thread-20]  *SYSTEM org.sonatype.nexus.quartz.internal.task.QuartzTaskInfo - Task 'Storage facet cleanup' [repository.storage-facet-cleanup] state change WAITING -> RUNNING
2022-07-13 01:10:00,015+0200 INFO  [quartz-9-thread-20]  *SYSTEM org.sonatype.nexus.quartz.internal.task.QuartzTaskInfo - Task 'Storage facet cleanup' [repository.storage-facet-cleanup] state change RUNNING -> WAITING (OK)
2022-07-13 01:20:00,014+0200 INFO  [quartz-9-thread-20]  *SYSTEM org.sonatype.nexus.quartz.internal.task.QuartzTaskInfo - Task 'Storage facet cleanup' [repository.storage-facet-cleanup] state change WAITING -> RUNNING
2022-07-13 01:20:00,044+0200 INFO  [quartz-9-thread-20]  *SYSTEM org.sonatype.nexus.quartz.internal.task.QuartzTaskInfo - Task 'Storage facet cleanup' [repository.storage-facet-cleanup] state change RUNNING -> WAITING (OK)
2022-07-13 01:30:00,009+0200 INFO  [quartz-9-thread-20]  *SYSTEM org.sonatype.nexus.quartz.internal.task.QuartzTaskInfo - Task 'Storage facet cleanup' [repository.storage-facet-cleanup] state change WAITING -> RUNNING
2022-07-13 01:30:00,014+0200 INFO  [quartz-9-thread-20]  *SYSTEM org.sonatype.nexus.quartz.internal.task.QuartzTaskInfo - Task 'Storage facet cleanup' [repository.storage-facet-cleanup] state change RUNNING -> WAITING (OK)
2022-07-13 01:40:00,016+0200 INFO  [quartz-9-thread-20]  *SYSTEM org.sonatype.nexus.quartz.internal.task.QuartzTaskInfo - Task 'Storage facet cleanup' [repository.storage-facet-cleanup] state change WAITING -> RUNNING
2022-07-13 01:40:00,024+0200 INFO  [quartz-9-thread-20]  *SYSTEM org.sonatype.nexus.quartz.internal.task.QuartzTaskInfo - Task 'Storage facet cleanup' [repository.storage-facet-cleanup] state change RUNNING -> WAITING (OK)
2022-07-13 01:50:00,012+0200 INFO  [quartz-9-thread-20]  *SYSTEM org.sonatype.nexus.quartz.internal.task.QuartzTaskInfo - Task 'Storage facet cleanup' [repository.storage-facet-cleanup] state change WAITING -> RUNNING
2022-07-13 01:50:00,015+0200 INFO  [quartz-9-thread-20]  *SYSTEM org.sonatype.nexus.quartz.internal.task.QuartzTaskInfo - Task 'Storage facet cleanup' [repository.storage-facet-cleanup] state change RUNNING -> WAITING (OK)
2022-07-13 01:59:54,109+0200 INFO  [SessionValidationThread-1]  *UNKNOWN org.apache.shiro.session.mgt.AbstractValidatingSessionManager - Validating all active sessions...
2022-07-13 01:59:54,109+0200 INFO  [SessionValidationThread-1]  *UNKNOWN org.apache.shiro.session.mgt.AbstractValidatingSessionManager - Finished session validation.  No sessions were stopped.
2022-07-13 02:00:00,005+0200 INFO  [quartz-9-thread-20]  *SYSTEM org.sonatype.nexus.quartz.internal.task.QuartzTaskInfo - Task 'Storage facet cleanup' [repository.storage-facet-cleanup] state change WAITING -> RUNNING
2022-07-13 02:00:00,010+0200 INFO  [quartz-9-thread-20]  *SYSTEM org.sonatype.nexus.quartz.internal.task.QuartzTaskInfo - Task 'Storage facet cleanup' [repository.storage-facet-cleanup] state change RUNNING -> WAITING (OK)
2022-07-13 02:10:00,008+0200 INFO  [quartz-9-thread-20]  *SYSTEM org.sonatype.nexus.quartz.internal.task.QuartzTaskInfo - Task 'Storage facet cleanup' [repository.storage-facet-cleanup] state change WAITING -> RUNNING
2022-07-13 02:10:00,011+0200 INFO  [quartz-9-thread-20]  *SYSTEM org.sonatype.nexus.quartz.internal.task.QuartzTaskInfo - Task 'Storage facet cleanup' [repository.storage-facet-cleanup] state change RUNNING -> WAITING (OK)
2022-07-13 02:20:00,013+0200 INFO  [quartz-9-thread-20]  *SYSTEM org.sonatype.nexus.quartz.internal.task.QuartzTaskInfo - Task 'Storage facet cleanup' [repository.storage-facet-cleanup] state change WAITING -> RUNNING
2022-07-13 02:20:00,017+0200 INFO  [quartz-9-thread-20]  *SYSTEM org.sonatype.nexus.quartz.internal.task.QuartzTaskInfo - Task 'Storage facet cleanup' [repository.storage-facet-cleanup] state change RUNNING -> WAITING (OK)
2022-07-13 02:30:00,015+0200 INFO  [quartz-9-thread-20]  *SYSTEM org.sonatype.nexus.quartz.internal.task.QuartzTaskInfo - Task 'Storage facet cleanup' [repository.storage-facet-cleanup] state change WAITING -> RUNNING
2022-07-13 02:30:00,018+0200 INFO  [quartz-9-thread-20]  *SYSTEM org.sonatype.nexus.quartz.internal.task.QuartzTaskInfo - Task 'Storage facet cleanup' [repository.storage-facet-cleanup] state change RUNNING -> WAITING (OK)
2022-07-13 02:40:00,024+0200 INFO  [quartz-9-thread-20]  *SYSTEM org.sonatype.nexus.quartz.internal.task.QuartzTaskInfo - Task 'Storage facet cleanup' [repository.storage-facet-cleanup] state change WAITING -> RUNNING
2022-07-13 02:40:00,028+0200 INFO  [quartz-9-thread-20]  *SYSTEM org.sonatype.nexus.quartz.internal.task.QuartzTaskInfo - Task 'Storage facet cleanup' [repository.storage-facet-cleanup] state change RUNNING -> WAITING (OK)
2022-07-13 02:50:00,007+0200 INFO  [quartz-9-thread-20]  *SYSTEM org.sonatype.nexus.quartz.internal.task.QuartzTaskInfo - Task 'Storage facet cleanup' [repository.storage-facet-cleanup] state change WAITING -> RUNNING
2022-07-13 02:50:00,011+0200 INFO  [quartz-9-thread-20]  *SYSTEM org.sonatype.nexus.quartz.internal.task.QuartzTaskInfo - Task 'Storage facet cleanup' [repository.storage-facet-cleanup] state change RUNNING -> WAITING (OK)
2022-07-13 02:59:54,187+0200 INFO  [SessionValidationThread-1]  *UNKNOWN org.apache.shiro.session.mgt.AbstractValidatingSessionManager - Validating all active sessions...
2022-07-13 02:59:54,187+0200 INFO  [SessionValidationThread-1]  *UNKNOWN org.apache.shiro.session.mgt.AbstractValidatingSessionManager - Finished session validation.  No sessions were stopped.
2022-07-13 03:00:00,019+0200 INFO  [quartz-9-thread-20]  *SYSTEM org.sonatype.nexus.quartz.internal.task.QuartzTaskInfo - Task 'Storage facet cleanup' [repository.storage-facet-cleanup] state change WAITING -> RUNNING
2022-07-13 03:00:00,131+0200 INFO  [quartz-9-thread-20]  *SYSTEM org.sonatype.nexus.quartz.internal.task.QuartzTaskInfo - Task 'Storage facet cleanup' [repository.storage-facet-cleanup] state change RUNNING -> WAITING (OK)
2022-07-13 03:10:00,011+0200 INFO  [quartz-9-thread-20]  *SYSTEM org.sonatype.nexus.quartz.internal.task.QuartzTaskInfo - Task 'Storage facet cleanup' [repository.storage-facet-cleanup] state change WAITING -> RUNNING
2022-07-13 03:10:00,014+0200 INFO  [quartz-9-thread-20]  *SYSTEM org.sonatype.nexus.quartz.internal.task.QuartzTaskInfo - Task 'Storage facet cleanup' [repository.storage-facet-cleanup] state change RUNNING -> WAITING (OK)
2022-07-13 03:20:00,020+0200 INFO  [quartz-9-thread-20]  *SYSTEM org.sonatype.nexus.quartz.internal.task.QuartzTaskInfo - Task 'Storage facet cleanup' [repository.storage-facet-cleanup] state change WAITING -> RUNNING
2022-07-13 03:20:00,024+0200 INFO  [quartz-9-thread-20]  *SYSTEM org.sonatype.nexus.quartz.internal.task.QuartzTaskInfo - Task 'Storage facet cleanup' [repository.storage-facet-cleanup] state change RUNNING -> WAITING (OK)
2022-07-13 03:30:00,014+0200 INFO  [quartz-9-thread-20]  *SYSTEM org.sonatype.nexus.quartz.internal.task.QuartzTaskInfo - Task 'Storage facet cleanup' [repository.storage-facet-cleanup] state change WAITING -> RUNNING
2022-07-13 03:30:00,017+0200 INFO  [quartz-9-thread-20]  *SYSTEM org.sonatype.nexus.quartz.internal.task.QuartzTaskInfo - Task 'Storage facet cleanup' [repository.storage-facet-cleanup] state change RUNNING -> WAITING (OK)
2022-07-13 03:40:00,007+0200 INFO  [quartz-9-thread-20]  *SYSTEM org.sonatype.nexus.quartz.internal.task.QuartzTaskInfo - Task 'Storage facet cleanup' [repository.storage-facet-cleanup] state change WAITING -> RUNNING
2022-07-13 03:40:00,010+0200 INFO  [quartz-9-thread-20]  *SYSTEM org.sonatype.nexus.quartz.internal.task.QuartzTaskInfo - Task 'Storage facet cleanup' [repository.storage-facet-cleanup] state change RUNNING -> WAITING (OK)
2022-07-13 03:50:00,010+0200 INFO  [quartz-9-thread-20]  *SYSTEM org.sonatype.nexus.quartz.internal.task.QuartzTaskInfo - Task 'Storage facet cleanup' [repository.storage-facet-cleanup] state change WAITING -> RUNNING
2022-07-13 03:50:00,013+0200 INFO  [quartz-9-thread-20]  *SYSTEM org.sonatype.nexus.quartz.internal.task.QuartzTaskInfo - Task 'Storage facet cleanup' [repository.storage-facet-cleanup] state change RUNNING -> WAITING (OK)
2022-07-13 03:59:54,247+0200 INFO  [SessionValidationThread-1]  *UNKNOWN org.apache.shiro.session.mgt.AbstractValidatingSessionManager - Validating all active sessions...
2022-07-13 03:59:54,248+0200 INFO  [SessionValidationThread-1]  *UNKNOWN org.apache.shiro.session.mgt.AbstractValidatingSessionManager - Finished session validation.  No sessions were stopped.
2022-07-13 04:00:00,011+0200 INFO  [quartz-9-thread-20]  *SYSTEM org.sonatype.nexus.quartz.internal.task.QuartzTaskInfo - Task 'Storage facet cleanup' [repository.storage-facet-cleanup] state change WAITING -> RUNNING
2022-07-13 04:00:00,015+0200 INFO  [quartz-9-thread-20]  *SYSTEM org.sonatype.nexus.quartz.internal.task.QuartzTaskInfo - Task 'Storage facet cleanup' [repository.storage-facet-cleanup] state change RUNNING -> WAITING (OK)
2022-07-13 04:10:00,017+0200 INFO  [quartz-9-thread-20]  *SYSTEM org.sonatype.nexus.quartz.internal.task.QuartzTaskInfo - Task 'Storage facet cleanup' [repository.storage-facet-cleanup] state change WAITING -> RUNNING
2022-07-13 04:10:00,020+0200 INFO  [quartz-9-thread-20]  *SYSTEM org.sonatype.nexus.quartz.internal.task.QuartzTaskInfo - Task 'Storage facet cleanup' [repository.storage-facet-cleanup] state change RUNNING -> WAITING (OK)
2022-07-13 04:20:00,011+0200 INFO  [quartz-9-thread-20]  *SYSTEM org.sonatype.nexus.quartz.internal.task.QuartzTaskInfo - Task 'Storage facet cleanup' [repository.storage-facet-cleanup] state change WAITING -> RUNNING
2022-07-13 04:20:00,014+0200 INFO  [quartz-9-thread-20]  *SYSTEM org.sonatype.nexus.quartz.internal.task.QuartzTaskInfo - Task 'Storage facet cleanup' [repository.storage-facet-cleanup] state change RUNNING -> WAITING (OK)
2022-07-13 04:30:00,016+0200 INFO  [quartz-9-thread-20]  *SYSTEM org.sonatype.nexus.quartz.internal.task.QuartzTaskInfo - Task 'Storage facet cleanup' [repository.storage-facet-cleanup] state change WAITING -> RUNNING
2022-07-13 04:30:00,019+0200 INFO  [quartz-9-thread-20]  *SYSTEM org.sonatype.nexus.quartz.internal.task.QuartzTaskInfo - Task 'Storage facet cleanup' [repository.storage-facet-cleanup] state change RUNNING -> WAITING (OK)
2022-07-13 04:40:00,005+0200 INFO  [quartz-9-thread-20]  *SYSTEM org.sonatype.nexus.quartz.internal.task.QuartzTaskInfo - Task 'Storage facet cleanup' [repository.storage-facet-cleanup] state change WAITING -> RUNNING
2022-07-13 04:40:00,009+0200 INFO  [quartz-9-thread-20]  *SYSTEM org.sonatype.nexus.quartz.internal.task.QuartzTaskInfo - Task 'Storage facet cleanup' [repository.storage-facet-cleanup] state change RUNNING -> WAITING (OK)
2022-07-13 04:50:00,012+0200 INFO  [quartz-9-thread-20]  *SYSTEM org.sonatype.nexus.quartz.internal.task.QuartzTaskInfo - Task 'Storage facet cleanup' [repository.storage-facet-cleanup] state change WAITING -> RUNNING
2022-07-13 04:50:00,015+0200 INFO  [quartz-9-thread-20]  *SYSTEM org.sonatype.nexus.quartz.internal.task.QuartzTaskInfo - Task 'Storage facet cleanup' [repository.storage-facet-cleanup] state change RUNNING -> WAITING (OK)
2022-07-13 04:59:54,280+0200 INFO  [SessionValidationThread-1]  *UNKNOWN org.apache.shiro.session.mgt.AbstractValidatingSessionManager - Validating all active sessions...
2022-07-13 04:59:54,280+0200 INFO  [SessionValidationThread-1]  *UNKNOWN org.apache.shiro.session.mgt.AbstractValidatingSessionManager - Finished session validation.  No sessions were stopped.
2022-07-13 05:00:00,014+0200 INFO  [quartz-9-thread-20]  *SYSTEM org.sonatype.nexus.quartz.internal.task.QuartzTaskInfo - Task 'Storage facet cleanup' [repository.storage-facet-cleanup] state change WAITING -> RUNNING
2022-07-13 05:00:00,017+0200 INFO  [quartz-9-thread-20]  *SYSTEM org.sonatype.nexus.quartz.internal.task.QuartzTaskInfo - Task 'Storage facet cleanup' [repository.storage-facet-cleanup] state change RUNNING -> WAITING (OK)
2022-07-13 05:10:00,023+0200 INFO  [quartz-9-thread-20]  *SYSTEM org.sonatype.nexus.quartz.internal.task.QuartzTaskInfo - Task 'Storage facet cleanup' [repository.storage-facet-cleanup] state change WAITING -> RUNNING
2022-07-13 05:10:00,026+0200 INFO  [quartz-9-thread-20]  *SYSTEM org.sonatype.nexus.quartz.internal.task.QuartzTaskInfo - Task 'Storage facet cleanup' [repository.storage-facet-cleanup] state change RUNNING -> WAITING (OK)
2022-07-13 05:20:00,012+0200 INFO  [quartz-9-thread-20]  *SYSTEM org.sonatype.nexus.quartz.internal.task.QuartzTaskInfo - Task 'Storage facet cleanup' [repository.storage-facet-cleanup] state change WAITING -> RUNNING
2022-07-13 05:20:00,016+0200 INFO  [quartz-9-thread-20]  *SYSTEM org.sonatype.nexus.quartz.internal.task.QuartzTaskInfo - Task 'Storage facet cleanup' [repository.storage-facet-cleanup] state change RUNNING -> WAITING (OK)
2022-07-13 05:30:00,020+0200 INFO  [quartz-9-thread-20]  *SYSTEM org.sonatype.nexus.quartz.internal.task.QuartzTaskInfo - Task 'Storage facet cleanup' [repository.storage-facet-cleanup] state change WAITING -> RUNNING
2022-07-13 05:30:00,025+0200 INFO  [quartz-9-thread-20]  *SYSTEM org.sonatype.nexus.quartz.internal.task.QuartzTaskInfo - Task 'Storage facet cleanup' [repository.storage-facet-cleanup] state change RUNNING -> WAITING (OK)
2022-07-13 05:40:00,013+0200 INFO  [quartz-9-thread-20]  *SYSTEM org.sonatype.nexus.quartz.internal.task.QuartzTaskInfo - Task 'Storage facet cleanup' [repository.storage-facet-cleanup] state change WAITING -> RUNNING
2022-07-13 05:40:00,017+0200 INFO  [quartz-9-thread-20]  *SYSTEM org.sonatype.nexus.quartz.internal.task.QuartzTaskInfo - Task 'Storage facet cleanup' [repository.storage-facet-cleanup] state change RUNNING -> WAITING (OK)
2022-07-13 05:50:00,008+0200 INFO  [quartz-9-thread-20]  *SYSTEM org.sonatype.nexus.quartz.internal.task.QuartzTaskInfo - Task 'Storage facet cleanup' [repository.storage-facet-cleanup] state change WAITING -> RUNNING
2022-07-13 05:50:00,010+0200 INFO  [quartz-9-thread-20]  *SYSTEM org.sonatype.nexus.quartz.internal.task.QuartzTaskInfo - Task 'Storage facet cleanup' [repository.storage-facet-cleanup] state change RUNNING -> WAITING (OK)
2022-07-13 05:59:54,321+0200 INFO  [SessionValidationThread-1]  *UNKNOWN org.apache.shiro.session.mgt.AbstractValidatingSessionManager - Validating all active sessions...
2022-07-13 05:59:54,321+0200 INFO  [SessionValidationThread-1]  *UNKNOWN org.apache.shiro.session.mgt.AbstractValidatingSessionManager - Finished session validation.  No sessions were stopped.
2022-07-13 06:00:00,007+0200 INFO  [quartz-9-thread-20]  *SYSTEM org.sonatype.nexus.quartz.internal.task.QuartzTaskInfo - Task 'Storage facet cleanup' [repository.storage-facet-cleanup] state change WAITING -> RUNNING
2022-07-13 06:00:00,011+0200 INFO  [quartz-9-thread-20]  *SYSTEM org.sonatype.nexus.quartz.internal.task.QuartzTaskInfo - Task 'Storage facet cleanup' [repository.storage-facet-cleanup] state change RUNNING -> WAITING (OK)
2022-07-13 06:10:00,022+0200 INFO  [quartz-9-thread-20]  *SYSTEM org.sonatype.nexus.quartz.internal.task.QuartzTaskInfo - Task 'Storage facet cleanup' [repository.storage-facet-cleanup] state change WAITING -> RUNNING
2022-07-13 06:10:00,025+0200 INFO  [quartz-9-thread-20]  *SYSTEM org.sonatype.nexus.quartz.internal.task.QuartzTaskInfo - Task 'Storage facet cleanup' [repository.storage-facet-cleanup] state change RUNNING -> WAITING (OK)
2022-07-13 06:20:00,020+0200 INFO  [quartz-9-thread-20]  *SYSTEM org.sonatype.nexus.quartz.internal.task.QuartzTaskInfo - Task 'Storage facet cleanup' [repository.storage-facet-cleanup] state change WAITING -> RUNNING
2022-07-13 06:20:00,022+0200 INFO  [quartz-9-thread-20]  *SYSTEM org.sonatype.nexus.quartz.internal.task.QuartzTaskInfo - Task 'Storage facet cleanup' [repository.storage-facet-cleanup] state change RUNNING -> WAITING (OK)
2022-07-13 06:30:00,009+0200 INFO  [quartz-9-thread-20]  *SYSTEM org.sonatype.nexus.quartz.internal.task.QuartzTaskInfo - Task 'Storage facet cleanup' [repository.storage-facet-cleanup] state change WAITING -> RUNNING
2022-07-13 06:30:00,013+0200 INFO  [quartz-9-thread-20]  *SYSTEM org.sonatype.nexus.quartz.internal.task.QuartzTaskInfo - Task 'Storage facet cleanup' [repository.storage-facet-cleanup] state change RUNNING -> WAITING (OK)
2022-07-13 06:40:00,020+0200 INFO  [quartz-9-thread-20]  *SYSTEM org.sonatype.nexus.quartz.internal.task.QuartzTaskInfo - Task 'Storage facet cleanup' [repository.storage-facet-cleanup] state change WAITING -> RUNNING
2022-07-13 06:40:00,023+0200 INFO  [quartz-9-thread-20]  *SYSTEM org.sonatype.nexus.quartz.internal.task.QuartzTaskInfo - Task 'Storage facet cleanup' [repository.storage-facet-cleanup] state change RUNNING -> WAITING (OK)
2022-07-13 06:50:00,012+0200 INFO  [quartz-9-thread-20]  *SYSTEM org.sonatype.nexus.quartz.internal.task.QuartzTaskInfo - Task 'Storage facet cleanup' [repository.storage-facet-cleanup] state change WAITING -> RUNNING
2022-07-13 06:50:00,015+0200 INFO  [quartz-9-thread-20]  *SYSTEM org.sonatype.nexus.quartz.internal.task.QuartzTaskInfo - Task 'Storage facet cleanup' [repository.storage-facet-cleanup] state change RUNNING -> WAITING (OK)
2022-07-13 06:59:54,349+0200 INFO  [SessionValidationThread-1]  *UNKNOWN org.apache.shiro.session.mgt.AbstractValidatingSessionManager - Validating all active sessions...
2022-07-13 06:59:54,349+0200 INFO  [SessionValidationThread-1]  *UNKNOWN org.apache.shiro.session.mgt.AbstractValidatingSessionManager - Finished session validation.  No sessions were stopped.
2022-07-13 07:00:00,016+0200 INFO  [quartz-9-thread-20]  *SYSTEM org.sonatype.nexus.quartz.internal.task.QuartzTaskInfo - Task 'Storage facet cleanup' [repository.storage-facet-cleanup] state change WAITING -> RUNNING
2022-07-13 07:00:00,020+0200 INFO  [quartz-9-thread-20]  *SYSTEM org.sonatype.nexus.quartz.internal.task.QuartzTaskInfo - Task 'Storage facet cleanup' [repository.storage-facet-cleanup] state change RUNNING -> WAITING (OK)
2022-07-13 07:10:00,020+0200 INFO  [quartz-9-thread-20]  *SYSTEM org.sonatype.nexus.quartz.internal.task.QuartzTaskInfo - Task 'Storage facet cleanup' [repository.storage-facet-cleanup] state change WAITING -> RUNNING
2022-07-13 07:10:00,050+0200 INFO  [quartz-9-thread-20]  *SYSTEM org.sonatype.nexus.quartz.internal.task.QuartzTaskInfo - Task 'Storage facet cleanup' [repository.storage-facet-cleanup] state change RUNNING -> WAITING (OK)
2022-07-13 07:20:00,007+0200 INFO  [quartz-9-thread-20]  *SYSTEM org.sonatype.nexus.quartz.internal.task.QuartzTaskInfo - Task 'Storage facet cleanup' [repository.storage-facet-cleanup] state change WAITING -> RUNNING
2022-07-13 07:20:00,012+0200 INFO  [quartz-9-thread-20]  *SYSTEM org.sonatype.nexus.quartz.internal.task.QuartzTaskInfo - Task 'Storage facet cleanup' [repository.storage-facet-cleanup] state change RUNNING -> WAITING (OK)
2022-07-13 07:30:00,021+0200 INFO  [quartz-9-thread-20]  *SYSTEM org.sonatype.nexus.quartz.internal.task.QuartzTaskInfo - Task 'Storage facet cleanup' [repository.storage-facet-cleanup] state change WAITING -> RUNNING
2022-07-13 07:30:00,026+0200 INFO  [quartz-9-thread-20]  *SYSTEM org.sonatype.nexus.quartz.internal.task.QuartzTaskInfo - Task 'Storage facet cleanup' [repository.storage-facet-cleanup] state change RUNNING -> WAITING (OK)
2022-07-13 07:40:00,013+0200 INFO  [quartz-9-thread-20]  *SYSTEM org.sonatype.nexus.quartz.internal.task.QuartzTaskInfo - Task 'Storage facet cleanup' [repository.storage-facet-cleanup] state change WAITING -> RUNNING
2022-07-13 07:40:00,045+0200 INFO  [quartz-9-thread-20]  *SYSTEM org.sonatype.nexus.quartz.internal.task.QuartzTaskInfo - Task 'Storage facet cleanup' [repository.storage-facet-cleanup] state change RUNNING -> WAITING (OK)
2022-07-13 07:50:00,011+0200 INFO  [quartz-9-thread-20]  *SYSTEM org.sonatype.nexus.quartz.internal.task.QuartzTaskInfo - Task 'Storage facet cleanup' [repository.storage-facet-cleanup] state change WAITING -> RUNNING
2022-07-13 07:50:00,014+0200 INFO  [quartz-9-thread-20]  *SYSTEM org.sonatype.nexus.quartz.internal.task.QuartzTaskInfo - Task 'Storage facet cleanup' [repository.storage-facet-cleanup] state change RUNNING -> WAITING (OK)
2022-07-13 07:59:54,363+0200 INFO  [SessionValidationThread-1]  *UNKNOWN org.apache.shiro.session.mgt.AbstractValidatingSessionManager - Validating all active sessions...
2022-07-13 07:59:54,363+0200 INFO  [SessionValidationThread-1]  *UNKNOWN org.apache.shiro.session.mgt.AbstractValidatingSessionManager - Finished session validation.  No sessions were stopped.
2022-07-13 08:00:00,007+0200 INFO  [quartz-9-thread-20]  *SYSTEM org.sonatype.nexus.quartz.internal.task.QuartzTaskInfo - Task 'Storage facet cleanup' [repository.storage-facet-cleanup] state change WAITING -> RUNNING
2022-07-13 08:00:00,010+0200 INFO  [quartz-9-thread-20]  *SYSTEM org.sonatype.nexus.quartz.internal.task.QuartzTaskInfo - Task 'Storage facet cleanup' [repository.storage-facet-cleanup] state change RUNNING -> WAITING (OK)
2022-07-13 08:10:00,017+0200 INFO  [quartz-9-thread-20]  *SYSTEM org.sonatype.nexus.quartz.internal.task.QuartzTaskInfo - Task 'Storage facet cleanup' [repository.storage-facet-cleanup] state change WAITING -> RUNNING
2022-07-13 08:10:00,048+0200 INFO  [quartz-9-thread-20]  *SYSTEM org.sonatype.nexus.quartz.internal.task.QuartzTaskInfo - Task 'Storage facet cleanup' [repository.storage-facet-cleanup] state change RUNNING -> WAITING (OK)
2022-07-13 08:20:00,021+0200 INFO  [quartz-9-thread-20]  *SYSTEM org.sonatype.nexus.quartz.internal.task.QuartzTaskInfo - Task 'Storage facet cleanup' [repository.storage-facet-cleanup] state change WAITING -> RUNNING
2022-07-13 08:20:00,025+0200 INFO  [quartz-9-thread-20]  *SYSTEM org.sonatype.nexus.quartz.internal.task.QuartzTaskInfo - Task 'Storage facet cleanup' [repository.storage-facet-cleanup] state change RUNNING -> WAITING (OK)
2022-07-13 08:30:00,017+0200 INFO  [quartz-9-thread-20]  *SYSTEM org.sonatype.nexus.quartz.internal.task.QuartzTaskInfo - Task 'Storage facet cleanup' [repository.storage-facet-cleanup] state change WAITING -> RUNNING
2022-07-13 08:30:00,021+0200 INFO  [quartz-9-thread-20]  *SYSTEM org.sonatype.nexus.quartz.internal.task.QuartzTaskInfo - Task 'Storage facet cleanup' [repository.storage-facet-cleanup] state change RUNNING -> WAITING (OK)
2022-07-13 08:40:00,014+0200 INFO  [quartz-9-thread-20]  *SYSTEM org.sonatype.nexus.quartz.internal.task.QuartzTaskInfo - Task 'Storage facet cleanup' [repository.storage-facet-cleanup] state change WAITING -> RUNNING
2022-07-13 08:40:00,044+0200 INFO  [quartz-9-thread-20]  *SYSTEM org.sonatype.nexus.quartz.internal.task.QuartzTaskInfo - Task 'Storage facet cleanup' [repository.storage-facet-cleanup] state change RUNNING -> WAITING (OK)
2022-07-13 08:50:00,007+0200 INFO  [quartz-9-thread-20]  *SYSTEM org.sonatype.nexus.quartz.internal.task.QuartzTaskInfo - Task 'Storage facet cleanup' [repository.storage-facet-cleanup] state change WAITING -> RUNNING
2022-07-13 08:50:00,010+0200 INFO  [quartz-9-thread-20]  *SYSTEM org.sonatype.nexus.quartz.internal.task.QuartzTaskInfo - Task 'Storage facet cleanup' [repository.storage-facet-cleanup] state change RUNNING -> WAITING (OK)
2022-07-13 08:59:54,388+0200 INFO  [SessionValidationThread-1]  *UNKNOWN org.apache.shiro.session.mgt.AbstractValidatingSessionManager - Validating all active sessions...
2022-07-13 08:59:54,388+0200 INFO  [SessionValidationThread-1]  *UNKNOWN org.apache.shiro.session.mgt.AbstractValidatingSessionManager - Finished session validation.  No sessions were stopped.
2022-07-13 09:00:00,010+0200 INFO  [quartz-9-thread-20]  *SYSTEM org.sonatype.nexus.quartz.internal.task.QuartzTaskInfo - Task 'Storage facet cleanup' [repository.storage-facet-cleanup] state change WAITING -> RUNNING
2022-07-13 09:00:00,014+0200 INFO  [quartz-9-thread-20]  *SYSTEM org.sonatype.nexus.quartz.internal.task.QuartzTaskInfo - Task 'Storage facet cleanup' [repository.storage-facet-cleanup] state change RUNNING -> WAITING (OK)
2022-07-13 09:10:00,014+0200 INFO  [quartz-9-thread-20]  *SYSTEM org.sonatype.nexus.quartz.internal.task.QuartzTaskInfo - Task 'Storage facet cleanup' [repository.storage-facet-cleanup] state change WAITING -> RUNNING
2022-07-13 09:10:00,146+0200 INFO  [quartz-9-thread-20]  *SYSTEM org.sonatype.nexus.quartz.internal.task.QuartzTaskInfo - Task 'Storage facet cleanup' [repository.storage-facet-cleanup] state change RUNNING -> WAITING (OK)
2022-07-13 09:20:00,021+0200 INFO  [quartz-9-thread-20]  *SYSTEM org.sonatype.nexus.quartz.internal.task.QuartzTaskInfo - Task 'Storage facet cleanup' [repository.storage-facet-cleanup] state change WAITING -> RUNNING
2022-07-13 09:20:00,027+0200 INFO  [quartz-9-thread-20]  *SYSTEM org.sonatype.nexus.quartz.internal.task.QuartzTaskInfo - Task 'Storage facet cleanup' [repository.storage-facet-cleanup] state change RUNNING -> WAITING (OK)
2022-07-13 09:27:12,570+0200 INFO  [JettyShutdownThread]  *SYSTEM org.eclipse.jetty.server.AbstractConnector - Stopped ServerConnector@38180822{HTTP/1.1, (http/1.1)}{0.0.0.0:8081}
2022-07-13 09:27:12,570+0200 INFO  [JettyShutdownThread]  *SYSTEM org.eclipse.jetty.server.session - node0 Stopped scavenging
2022-07-13 09:27:12,586+0200 INFO  [JettyShutdownThread]  *SYSTEM org.sonatype.nexus.repository.httpbridge.internal.ViewServlet - Destroyed
2022-07-13 09:27:12,602+0200 INFO  [JettyShutdownThread]  *SYSTEM org.sonatype.nexus.siesta.SiestaServlet - Destroyed
2022-07-13 09:27:12,602+0200 INFO  [JettyShutdownThread]  *SYSTEM org.sonatype.nexus.bootstrap.osgi.BootstrapListener - Destroying
2022-07-13 09:27:12,852+0200 INFO  [JettyShutdownThread]  *SYSTEM org.sonatype.nexus.extender.NexusContextListener - Uptime: 19 hours, 58 minutes, 36 seconds and 864 milliseconds (nexus-oss-edition/3.40.1.01)
2022-07-13 09:27:12,852+0200 INFO  [JettyShutdownThread]  *SYSTEM org.sonatype.nexus.extender.NexusLifecycleManager - Shutting down
2022-07-13 09:27:12,867+0200 INFO  [JettyShutdownThread]  *SYSTEM org.sonatype.nexus.extender.NexusLifecycleManager - Stop TASKS
2022-07-13 09:27:12,867+0200 INFO  [JettyShutdownThread]  *SYSTEM org.sonatype.nexus.quartz.internal.QuartzSchedulerSPI - Scheduler put into stand-by mode
2022-07-13 09:27:12,867+0200 INFO  [JettyShutdownThread]  *SYSTEM org.sonatype.nexus.extender.NexusLifecycleManager - Stop CAPABILITIES
2022-07-13 09:27:12,945+0200 INFO  [JettyShutdownThread]  *SYSTEM org.sonatype.nexus.extender.NexusLifecycleManager - Stop SERVICES
2022-07-13 09:27:13,336+0200 INFO  [JettyShutdownThread]  *SYSTEM org.sonatype.nexus.extender.NexusLifecycleManager - Stop SECURITY
2022-07-13 09:27:13,367+0200 INFO  [JettyShutdownThread]  *SYSTEM org.apache.shiro.session.mgt.AbstractValidatingSessionManager - Disabled session validation scheduler.
2022-07-13 09:27:13,367+0200 INFO  [JettyShutdownThread]  *SYSTEM org.sonatype.nexus.extender.NexusLifecycleManager - Stop EVENTS
2022-07-13 09:27:13,367+0200 INFO  [JettyShutdownThread]  *SYSTEM org.sonatype.nexus.extender.NexusLifecycleManager - Stop SCHEMAS
2022-07-13 09:27:13,367+0200 INFO  [JettyShutdownThread]  *SYSTEM org.sonatype.nexus.extender.NexusLifecycleManager - Stop UPGRADE
2022-07-13 09:27:13,367+0200 INFO  [JettyShutdownThread]  *SYSTEM org.sonatype.nexus.extender.NexusLifecycleManager - Stop RESTORE
2022-07-13 09:27:13,367+0200 INFO  [JettyShutdownThread]  *SYSTEM org.sonatype.nexus.extender.NexusLifecycleManager - Stop STORAGE
2022-07-13 09:27:13,445+0200 INFO  [JettyShutdownThread]  *SYSTEM org.ehcache.core.EhcacheManager - Cache 'nuget-group#odata-query-cache' removed from EhcacheManager.
2022-07-13 09:27:13,445+0200 INFO  [JettyShutdownThread]  *SYSTEM org.ehcache.core.EhcacheManager - Cache 'shiro-activeSessionCache' removed from EhcacheManager.
2022-07-13 09:27:13,445+0200 INFO  [JettyShutdownThread]  *SYSTEM org.ehcache.core.EhcacheManager - Cache 'NexusAuthenticatingRealm.authenticationCache' removed from EhcacheManager.
2022-07-13 09:27:13,445+0200 INFO  [JettyShutdownThread]  *SYSTEM org.ehcache.core.EhcacheManager - Cache 'NexusAuthorizingRealm.authorizationCache' removed from EhcacheManager.
2022-07-13 09:27:13,445+0200 INFO  [JettyShutdownThread]  *SYSTEM org.ehcache.core.EhcacheManager - Cache 'maven-central#negative-cache' removed from EhcacheManager.
2022-07-13 09:27:13,445+0200 INFO  [JettyShutdownThread]  *SYSTEM org.ehcache.core.EhcacheManager - Cache 'nuget.org-proxy#odata-query-cache' removed from EhcacheManager.
2022-07-13 09:27:13,445+0200 INFO  [JettyShutdownThread]  *SYSTEM org.ehcache.core.EhcacheManager - Cache 'nuget.org-proxy#negative-cache' removed from EhcacheManager.
2022-07-13 09:27:13,602+0200 INFO  [JettyShutdownThread]  *SYSTEM org.sonatype.nexus.cache.internal.ehcache.EhCacheManagerProvider - Cache-manager closed
2022-07-13 09:27:13,602+0200 INFO  [JettyShutdownThread]  *SYSTEM org.elasticsearch.node - [E70A9C56-DA474A4F-2F65B065-9ADCAF8F-D89EAB90] stopping ...
2022-07-13 09:27:13,789+0200 INFO  [JettyShutdownThread]  *SYSTEM org.elasticsearch.node - [E70A9C56-DA474A4F-2F65B065-9ADCAF8F-D89EAB90] stopped
2022-07-13 09:27:13,789+0200 INFO  [JettyShutdownThread]  *SYSTEM org.elasticsearch.node - [E70A9C56-DA474A4F-2F65B065-9ADCAF8F-D89EAB90] closing ...
2022-07-13 09:27:13,852+0200 INFO  [JettyShutdownThread]  *SYSTEM org.elasticsearch.node - [E70A9C56-DA474A4F-2F65B065-9ADCAF8F-D89EAB90] closed
2022-07-13 09:27:13,899+0200 INFO  [JettyShutdownThread]  *SYSTEM org.sonatype.nexus.internal.orient.DatabaseManagerImpl - Stopping 3 pools
2022-07-13 09:27:13,899+0200 INFO  [JettyShutdownThread]  *SYSTEM org.sonatype.nexus.internal.orient.DatabaseManagerImpl - Stopping pool: security
2022-07-13 09:27:13,899+0200 INFO  [JettyShutdownThread]  *SYSTEM org.sonatype.nexus.internal.orient.DatabaseManagerImpl - Stopping pool: component
2022-07-13 09:27:13,899+0200 INFO  [JettyShutdownThread]  *SYSTEM org.sonatype.nexus.internal.orient.DatabaseManagerImpl - Stopping pool: config
2022-07-13 09:27:15,617+0200 INFO  [JettyShutdownThread]  *SYSTEM org.sonatype.nexus.internal.orient.DatabaseServerImpl - Shutdown
2022-07-13 09:27:15,664+0200 INFO  [JettyShutdownThread]  *SYSTEM org.sonatype.nexus.extender.NexusLifecycleManager - Stop KERNEL
